<?xml version="1.0" encoding="UTF-8"?>
<!-- Generated by org.testng.reporters.JUnitReportReporter -->
<testsuite skipped="0" hostname="wangyikundeMacBook-Pro.local" name="com.fishpro.helloworld.HelloworldApplicationTests" tests="1" failures="0" timestamp="2021-01-21T10:12:19 CST" time="1.771" errors="0">
  <testcase name="contextLoads" time="1.771" classname="com.fishpro.helloworld.HelloworldApplicationTests"/>
  <system-out/>
</testsuite> <!-- com.fishpro.helloworld.HelloworldApplicationTests -->
